<?xml version="1.0" encoding="UTF-8"?>
<!-- Generated by org.testng.reporters.JUnitReportReporter -->
<testsuite hostname="Dharshini" failures="0" tests="1" name="TestCase.CheckoutTestcakes" time="0.000" errors="0" timestamp="2022-04-12T21:50:22 IST" skipped="1">
  <testcase classname="TestCase.CheckoutTestcakes" name="shippingDetails" time="0.000">
    <skipped/>
  </testcase> <!-- shippingDetails -->
  <system-out/>
</testsuite> <!-- TestCase.CheckoutTestcakes -->
